  Game.cpp
  Generating Code...
  Compiling...
  ResourceComponent.cpp
  Player.cpp
c:\users\jack ngo\desktop\coding\visual studio projects\game prototype\src\player.cpp(158): warning C4244: 'argument': conversion from 'double' to 'float', possible loss of data
c:\users\jack ngo\desktop\coding\visual studio projects\game prototype\src\player.cpp(159): warning C4244: 'argument': conversion from 'double' to 'float', possible loss of data
c:\users\jack ngo\desktop\coding\visual studio projects\game prototype\src\player.cpp(161): warning C4244: 'argument': conversion from 'double' to 'float', possible loss of data
c:\users\jack ngo\desktop\coding\visual studio projects\game prototype\src\player.cpp(162): warning C4244: 'argument': conversion from 'double' to 'int', possible loss of data
c:\users\jack ngo\desktop\coding\visual studio projects\game prototype\src\player.cpp(163): warning C4244: 'argument': conversion from 'double' to 'float', possible loss of data
c:\users\jack ngo\desktop\coding\visual studio projects\game prototype\src\player.cpp(164): warning C4244: 'argument': conversion from 'double' to 'int', possible loss of data
c:\users\jack ngo\desktop\coding\visual studio projects\game prototype\src\player.cpp(165): warning C4244: 'argument': conversion from 'double' to 'float', possible loss of data
c:\users\jack ngo\desktop\coding\visual studio projects\game prototype\src\player.cpp(166): warning C4244: 'argument': conversion from 'double' to 'int', possible loss of data
c:\users\jack ngo\desktop\coding\visual studio projects\game prototype\src\player.cpp(181): warning C4244: 'argument': conversion from 'double' to 'float', possible loss of data
  PlayState.cpp
c:\users\jack ngo\desktop\coding\visual studio projects\game prototype\src\playstate.cpp(80): warning C4018: '<': signed/unsigned mismatch
c:\users\jack ngo\desktop\coding\visual studio projects\game prototype\src\playstate.cpp(127): warning C4018: '<': signed/unsigned mismatch
c:\users\jack ngo\desktop\coding\visual studio projects\game prototype\src\playstate.cpp(134): warning C4018: '<': signed/unsigned mismatch
c:\users\jack ngo\desktop\coding\visual studio projects\game prototype\src\playstate.cpp(174): warning C4018: '<': signed/unsigned mismatch
c:\users\jack ngo\desktop\coding\visual studio projects\game prototype\src\playstate.cpp(191): warning C4018: '<': signed/unsigned mismatch
c:\users\jack ngo\desktop\coding\visual studio projects\game prototype\src\playstate.cpp(194): warning C4018: '<': signed/unsigned mismatch
  PausedState.cpp
  MenuState.cpp
  Main.cpp
  GameState.cpp
  Bullet.cpp
c:\users\jack ngo\desktop\coding\visual studio projects\game prototype\src\bullet.cpp(127): warning C4244: 'argument': conversion from 'double' to 'float', possible loss of data
  Boss.cpp
c:\users\jack ngo\desktop\coding\visual studio projects\game prototype\src\boss.cpp(50): warning C4244: 'argument': conversion from 'double' to 'float', possible loss of data
c:\users\jack ngo\desktop\coding\visual studio projects\game prototype\src\boss.cpp(51): warning C4244: 'argument': conversion from 'double' to 'float', possible loss of data
c:\users\jack ngo\desktop\coding\visual studio projects\game prototype\src\boss.cpp(52): warning C4244: 'argument': conversion from 'double' to 'float', possible loss of data
c:\users\jack ngo\desktop\coding\visual studio projects\game prototype\src\boss.cpp(53): warning C4244: 'argument': conversion from 'double' to 'float', possible loss of data
c:\users\jack ngo\desktop\coding\visual studio projects\game prototype\src\boss.cpp(54): warning C4244: 'argument': conversion from 'double' to 'float', possible loss of data
c:\users\jack ngo\desktop\coding\visual studio projects\game prototype\src\boss.cpp(62): warning C4244: 'argument': conversion from 'double' to 'int', possible loss of data
  Beam.cpp
c:\users\jack ngo\desktop\coding\visual studio projects\game prototype\src\beam.cpp(146): warning C4244: 'argument': conversion from 'int' to 'float', possible loss of data
c:\users\jack ngo\desktop\coding\visual studio projects\game prototype\src\beam.cpp(146): warning C4244: 'argument': conversion from 'double' to 'float', possible loss of data
c:\users\jack ngo\desktop\coding\visual studio projects\game prototype\src\beam.cpp(151): warning C4244: 'argument': conversion from 'double' to 'float', possible loss of data
c:\users\jack ngo\desktop\coding\visual studio projects\game prototype\src\beam.cpp(172): warning C4244: 'argument': conversion from 'double' to 'float', possible loss of data
c:\users\jack ngo\desktop\coding\visual studio projects\game prototype\src\beam.cpp(173): warning C4244: 'argument': conversion from 'double' to 'float', possible loss of data
c:\users\jack ngo\desktop\coding\visual studio projects\game prototype\src\beam.cpp(174): warning C4244: 'argument': conversion from 'double' to 'float', possible loss of data
c:\users\jack ngo\desktop\coding\visual studio projects\game prototype\src\beam.cpp(184): warning C4244: 'argument': conversion from 'double' to 'int', possible loss of data
c:\users\jack ngo\desktop\coding\visual studio projects\game prototype\src\beam.cpp(191): warning C4018: '<': signed/unsigned mismatch
c:\users\jack ngo\desktop\coding\visual studio projects\game prototype\src\beam.cpp(201): warning C4018: '<': signed/unsigned mismatch
c:\users\jack ngo\desktop\coding\visual studio projects\game prototype\src\beam.cpp(208): warning C4018: '>=': signed/unsigned mismatch
c:\users\jack ngo\desktop\coding\visual studio projects\game prototype\src\beam.cpp(231): warning C4244: 'argument': conversion from 'double' to 'float', possible loss of data
  BasicPlayerBullet.cpp
  Generating Code...
  Game Prototype.vcxproj -> C:\Users\Jack Ngo\Desktop\Coding\Visual Studio Projects\Game Prototype\\build-Debug\Game Prototype.exe
  Game Prototype.vcxproj -> C:\Users\Jack Ngo\Desktop\Coding\Visual Studio Projects\Game Prototype\\build-Debug\Game Prototype.pdb (Partial PDB)
